# JRE version: Java(TM) SE Runtime Environment (13.0.1+9) (build 13.0.1+9)
# Java VM: Java HotSpot(TM) 64-Bit Server VM (13.0.1+9, mixed mode, sharing, tiered, compressed oops, g1 gc, windows-amd64)
Heap:
 garbage-first heap   total 54272K, used 21809K [0x00000000a0e00000, 0x0000000100000000)
  region size 1024K, 10 young (10240K), 4 survivors (4096K)
 Metaspace       used 32144K, capacity 33600K, committed 33712K, reserved 1079296K
  class space    used 4247K, capacity 4837K, committed 4864K, reserved 1048576K
GC Heap History (14 events):
Event: 0.956 GC heap before
{Heap before GC invocations=0 (full 0):
 garbage-first heap   total 98304K, used 23552K [0x00000000a0e00000, 0x0000000100000000)
  region size 1024K, 24 young (24576K), 0 survivors (0K)
 Metaspace       used 4949K, capacity 6960K, committed 7040K, reserved 1056768K
  class space    used 581K, capacity 826K, committed 896K, reserved 1048576K
}
Event: 0.964 GC heap after
{Heap after GC invocations=1 (full 0):
 garbage-first heap   total 98304K, used 6322K [0x00000000a0e00000, 0x0000000100000000)
  region size 1024K, 3 young (3072K), 3 survivors (3072K)
 Metaspace       used 4949K, capacity 6960K, committed 7040K, reserved 1056768K
  class space    used 581K, capacity 826K, committed 896K, reserved 1048576K
}
Event: 2.293 GC heap before
{Heap before GC invocations=1 (full 0):
 garbage-first heap   total 98304K, used 61618K [0x00000000a0e00000, 0x0000000100000000)
  region size 1024K, 57 young (58368K), 3 survivors (3072K)
 Metaspace       used 14521K, capacity 15305K, committed 15488K, reserved 1062912K
  class space    used 1844K, capacity 2152K, committed 2176K, reserved 1048576K
}
Event: 2.302 GC heap after
{Heap after GC invocations=2 (full 0):
 garbage-first heap   total 98304K, used 8792K [0x00000000a0e00000, 0x0000000100000000)
  region size 1024K, 6 young (6144K), 6 survivors (6144K)
 Metaspace       used 14521K, capacity 15305K, committed 15488K, reserved 1062912K
  class space    used 1844K, capacity 2152K, committed 2176K, reserved 1048576K
}
Event: 2.849 GC heap before
{Heap before GC invocations=2 (full 0):
 garbage-first heap   total 98304K, used 47704K [0x00000000a0e00000, 0x0000000100000000)
  region size 1024K, 46 young (47104K), 6 survivors (6144K)
 Metaspace       used 20192K, capacity 21130K, committed 21296K, reserved 1067008K
  class space    used 2559K, capacity 2944K, committed 2944K, reserved 1048576K
}
Event: 2.861 GC heap after
{Heap after GC invocations=3 (full 0):
 garbage-first heap   total 98304K, used 10967K [0x00000000a0e00000, 0x0000000100000000)
  region size 1024K, 5 young (5120K), 5 survivors (5120K)
 Metaspace       used 20192K, capacity 21130K, committed 21296K, reserved 1067008K
  class space    used 2559K, capacity 2944K, committed 2944K, reserved 1048576K
}
Event: 3.553 GC heap before
{Heap before GC invocations=4 (full 0):
 garbage-first heap   total 45056K, used 32471K [0x00000000a0e00000, 0x0000000100000000)
  region size 1024K, 26 young (26624K), 5 survivors (5120K)
 Metaspace       used 22599K, capacity 23702K, committed 23728K, reserved 1069056K
  class space    used 2886K, capacity 3326K, committed 3328K, reserved 1048576K
}
Event: 3.567 GC heap after
{Heap after GC invocations=5 (full 0):
 garbage-first heap   total 45056K, used 11679K [0x00000000a0e00000, 0x0000000100000000)
  region size 1024K, 3 young (3072K), 3 survivors (3072K)
 Metaspace       used 22599K, capacity 23702K, committed 23728K, reserved 1069056K
  class space    used 2886K, capacity 3326K, committed 3328K, reserved 1048576K
}
Event: 3.914 GC heap before
{Heap before GC invocations=5 (full 0):
 garbage-first heap   total 45056K, used 30111K [0x00000000a0e00000, 0x0000000100000000)
  region size 1024K, 21 young (21504K), 3 survivors (3072K)
 Metaspace       used 24511K, capacity 25655K, committed 25904K, reserved 1071104K
  class space    used 3142K, capacity 3588K, committed 3712K, reserved 1048576K
}
Event: 3.924 GC heap after
{Heap after GC invocations=6 (full 0):
 garbage-first heap   total 54272K, used 12909K [0x00000000a0e00000, 0x0000000100000000)
  region size 1024K, 3 young (3072K), 3 survivors (3072K)
 Metaspace       used 24511K, capacity 25655K, committed 25904K, reserved 1071104K
  class space    used 3142K, capacity 3588K, committed 3712K, reserved 1048576K
}
Event: 7.474 GC heap before
{Heap before GC invocations=6 (full 0):
 garbage-first heap   total 54272K, used 35437K [0x00000000a0e00000, 0x0000000100000000)
  region size 1024K, 26 young (26624K), 3 survivors (3072K)
 Metaspace       used 28848K, capacity 30033K, committed 30128K, reserved 1075200K
  class space    used 3777K, capacity 4283K, committed 4352K, reserved 1048576K
}
Event: 7.488 GC heap after
{Heap after GC invocations=7 (full 0):
 garbage-first heap   total 54272K, used 14410K [0x00000000a0e00000, 0x0000000100000000)
  region size 1024K, 3 young (3072K), 3 survivors (3072K)
 Metaspace       used 28848K, capacity 30033K, committed 30128K, reserved 1075200K
  class space    used 3777K, capacity 4283K, committed 4352K, reserved 1048576K
}
Event: 8.006 GC heap before
{Heap before GC invocations=7 (full 0):
 garbage-first heap   total 54272K, used 37962K [0x00000000a0e00000, 0x0000000100000000)
  region size 1024K, 26 young (26624K), 3 survivors (3072K)
 Metaspace       used 31769K, capacity 33129K, committed 33328K, reserved 1077248K
  class space    used 4168K, capacity 4702K, committed 4736K, reserved 1048576K
}
Event: 8.016 GC heap after
{Heap after GC invocations=8 (full 0):
 garbage-first heap   total 54272K, used 16689K [0x00000000a0e00000, 0x0000000100000000)
  region size 1024K, 4 young (4096K), 4 survivors (4096K)
 Metaspace       used 31769K, capacity 33129K, committed 33328K, reserved 1077248K
  class space    used 4168K, capacity 4702K, committed 4736K, reserved 1048576K
}

